
> backend@0.0.1 start
> nest start

[32m[Nest] 413  - [39m06/13/2026, 9:51:20 AM [32m    LOG[39m [38;5;3m[NestFactory] [39m[32mStarting Nest application...[39m
[32m[Nest] 413  - [39m06/13/2026, 9:51:20 AM [32m    LOG[39m [38;5;3m[InstanceLoader] [39m[32mPrismaModule dependencies initialized[39m[38;5;3m +50ms[39m
[32m[Nest] 413  - [39m06/13/2026, 9:51:20 AM [32m    LOG[39m [38;5;3m[InstanceLoader] [39m[32mPassportModule dependencies initialized[39m[38;5;3m +0ms[39m
[32m[Nest] 413  - [39m06/13/2026, 9:51:20 AM [32m    LOG[39m [38;5;3m[InstanceLoader] [39m[32mJwtModule dependencies initialized[39m[38;5;3m +2ms[39m
[32m[Nest] 413  - [39m06/13/2026, 9:51:20 AM [32m    LOG[39m [38;5;3m[InstanceLoader] [39m[32mAppModule dependencies initialized[39m[38;5;3m +1ms[39m
[32m[Nest] 413  - [39m06/13/2026, 9:51:20 AM [32m    LOG[39m [38;5;3m[InstanceLoader] [39m[32mUsersModule dependencies initialized[39m[38;5;3m +3ms[39m
[32m[Nest] 413  - [39m06/13/2026, 9:51:20 AM [32m    LOG[39m [38;5;3m[InstanceLoader] [39m[32mAuthModule dependencies initialized[39m[38;5;3m +5ms[39m
[32m[Nest] 413  - [39m06/13/2026, 9:51:20 AM [32m    LOG[39m [38;5;3m[RoutesResolver] [39m[32mAppController {/api}:[39m[38;5;3m +66ms[39m
[32m[Nest] 413  - [39m06/13/2026, 9:51:20 AM [32m    LOG[39m [38;5;3m[RouterExplorer] [39m[32mMapped {/api, GET} route[39m[38;5;3m +8ms[39m
[32m[Nest] 413  - [39m06/13/2026, 9:51:20 AM [32m    LOG[39m [38;5;3m[RoutesResolver] [39m[32mUsersController {/api/users}:[39m[38;5;3m +1ms[39m
[32m[Nest] 413  - [39m06/13/2026, 9:51:20 AM [32m    LOG[39m [38;5;3m[RouterExplorer] [39m[32mMapped {/api/users, POST} route[39m[38;5;3m +3ms[39m
[32m[Nest] 413  - [39m06/13/2026, 9:51:20 AM [32m    LOG[39m [38;5;3m[RouterExplorer] [39m[32mMapped {/api/users, GET} route[39m[38;5;3m +1ms[39m
[32m[Nest] 413  - [39m06/13/2026, 9:51:20 AM [32m    LOG[39m [38;5;3m[RouterExplorer] [39m[32mMapped {/api/users/:id, GET} route[39m[38;5;3m +2ms[39m
[32m[Nest] 413  - [39m06/13/2026, 9:51:20 AM [32m    LOG[39m [38;5;3m[RouterExplorer] [39m[32mMapped {/api/users/:id, PATCH} route[39m[38;5;3m +1ms[39m
[32m[Nest] 413  - [39m06/13/2026, 9:51:20 AM [32m    LOG[39m [38;5;3m[RouterExplorer] [39m[32mMapped {/api/users/:id, DELETE} route[39m[38;5;3m +2ms[39m
[32m[Nest] 413  - [39m06/13/2026, 9:51:20 AM [32m    LOG[39m [38;5;3m[RoutesResolver] [39m[32mAuthController {/api/auth}:[39m[38;5;3m +0ms[39m
[32m[Nest] 413  - [39m06/13/2026, 9:51:20 AM [32m    LOG[39m [38;5;3m[RouterExplorer] [39m[32mMapped {/api/auth/register, POST} route[39m[38;5;3m +1ms[39m
[32m[Nest] 413  - [39m06/13/2026, 9:51:20 AM [32m    LOG[39m [38;5;3m[RouterExplorer] [39m[32mMapped {/api/auth/login, POST} route[39m[38;5;3m +2ms[39m
[32m[Nest] 413  - [39m06/13/2026, 9:51:20 AM [32m    LOG[39m [38;5;3m[RouterExplorer] [39m[32mMapped {/api/auth/me, GET} route[39m[38;5;3m +1ms[39m
[32m[Nest] 413  - [39m06/13/2026, 9:51:20 AM [32m    LOG[39m [38;5;3m[NestApplication] [39m[32mNest application successfully started[39m[38;5;3m +88ms[39m
